[0222/095236.893:ERROR:process_info.cc(608)] range at 0x699a305200000000, size 0xb2 fully unreadable
[0222/095236.894:ERROR:process_info.cc(608)] range at 0x699a307200000000, size 0xb2 fully unreadable
[0222/095236.894:ERROR:process_info.cc(608)] range at 0x0, size 0xb2 fully unreadable
[0222/095320.888:ERROR:process_info.cc(608)] range at 0xe4e6305200000000, size 0xda fully unreadable
[0222/095320.888:ERROR:process_info.cc(608)] range at 0xe4e6307200000000, size 0xda fully unreadable
[0222/095320.888:ERROR:process_info.cc(608)] range at 0x0, size 0xda fully unreadable
[0222/095501.841:ERROR:process_info.cc(608)] range at 0xc59e304e00000000, size 0x49 fully unreadable
[0222/095501.842:ERROR:process_info.cc(608)] range at 0xc59e306e00000000, size 0x49 fully unreadable
[0222/095501.842:ERROR:process_info.cc(608)] range at 0x0, size 0x49 fully unreadable
[0222/095702.795:ERROR:process_info.cc(608)] range at 0x8c74305000000000, size 0x4d fully unreadable
[0222/095702.796:ERROR:process_info.cc(608)] range at 0x8c74307000000000, size 0x4d fully unreadable
[0222/095702.796:ERROR:process_info.cc(608)] range at 0x0, size 0x4d fully unreadable
[0222/102831.601:ERROR:process_info.cc(608)] range at 0xe35305000000000, size 0x92 fully unreadable
[0222/102831.601:ERROR:process_info.cc(608)] range at 0xe35307000000000, size 0x92 fully unreadable
[0222/102831.601:ERROR:process_info.cc(608)] range at 0x0, size 0x92 fully unreadable
[0222/103007.207:ERROR:process_info.cc(608)] range at 0x17da305000000000, size 0x73 fully unreadable
[0222/103007.207:ERROR:process_info.cc(608)] range at 0x17da307000000000, size 0x73 fully unreadable
[0222/103007.207:ERROR:process_info.cc(608)] range at 0x0, size 0x73 fully unreadable
[0222/103327.941:ERROR:process_info.cc(608)] range at 0xb179305000000000, size 0x46 fully unreadable
[0222/103327.942:ERROR:process_info.cc(608)] range at 0xb179307000000000, size 0x46 fully unreadable
[0222/103327.942:ERROR:process_info.cc(608)] range at 0x0, size 0x46 fully unreadable
[0222/105246.280:ERROR:process_info.cc(608)] range at 0xef4305200000000, size 0xfc fully unreadable
[0222/105246.280:ERROR:process_info.cc(608)] range at 0xef4307200000000, size 0xfc fully unreadable
[0222/105246.280:ERROR:process_info.cc(608)] range at 0x0, size 0xfc fully unreadable
[0222/110449.508:ERROR:process_info.cc(608)] range at 0x8b6305000000000, size 0xf3 fully unreadable
[0222/110449.508:ERROR:process_info.cc(608)] range at 0x8b6307000000000, size 0xf3 fully unreadable
[0222/110449.508:ERROR:process_info.cc(608)] range at 0x0, size 0xf3 fully unreadable
[0222/110726.113:ERROR:process_info.cc(608)] range at 0xcb305200000000, size 0x33 fully unreadable
[0222/110726.113:ERROR:process_info.cc(608)] range at 0xcb307200000000, size 0x33 fully unreadable
[0222/110726.113:ERROR:process_info.cc(608)] range at 0x0, size 0x33 fully unreadable
[0222/115337.418:ERROR:process_info.cc(608)] range at 0xc3f8305000000000, size 0xfd fully unreadable
[0222/115337.418:ERROR:process_info.cc(608)] range at 0xc3f8307000000000, size 0xfd fully unreadable
[0222/115337.418:ERROR:process_info.cc(608)] range at 0x0, size 0xfd fully unreadable
[0222/115422.339:ERROR:process_info.cc(608)] range at 0xec8d304e00000000, size 0x8 fully unreadable
[0222/115422.339:ERROR:process_info.cc(608)] range at 0xec8d306e00000000, size 0x8 fully unreadable
[0222/115422.339:ERROR:process_info.cc(608)] range at 0x0, size 0x8 fully unreadable
[0222/115953.839:ERROR:process_info.cc(608)] range at 0xcf01305200000000, size 0xfd fully unreadable
[0222/115953.839:ERROR:process_info.cc(608)] range at 0xcf01307200000000, size 0xfd fully unreadable
[0222/115953.839:ERROR:process_info.cc(608)] range at 0x0, size 0xfd fully unreadable
[0222/121426.796:ERROR:process_info.cc(608)] range at 0xce7b305200000000, size 0x68 fully unreadable
[0222/121426.796:ERROR:process_info.cc(608)] range at 0xce7b307200000000, size 0x68 fully unreadable
[0222/121426.796:ERROR:process_info.cc(608)] range at 0x0, size 0x68 fully unreadable
[0222/121757.603:ERROR:process_info.cc(608)] range at 0x625d304c00000000, size 0x67 fully unreadable
[0222/121757.603:ERROR:process_info.cc(608)] range at 0x625d306c00000000, size 0x67 fully unreadable
[0222/121757.603:ERROR:process_info.cc(608)] range at 0x0, size 0x67 fully unreadable
[0222/122143.488:ERROR:process_info.cc(608)] range at 0xf21305200000000, size 0x19 fully unreadable
[0222/122143.488:ERROR:process_info.cc(608)] range at 0xf21307200000000, size 0x19 fully unreadable
[0222/122143.488:ERROR:process_info.cc(608)] range at 0x0, size 0x19 fully unreadable
[0222/182309.731:ERROR:process_reader_win.cc(114)] NtOpenThread: {Access Denied} A process has requested access to an object, but has not been granted those access rights.  (0xc0000022)
[0222/182309.888:ERROR:exception_snapshot_win.cc(87)] thread ID 2300 not found in process
[0222/182309.888:WARNING:crash_report_exception_handler.cc(60)] ProcessSnapshotWin::Initialize failed
[0223/101659.900:ERROR:process_info.cc(608)] range at 0x6b72305000000000, size 0x82 fully unreadable
[0223/101659.900:ERROR:process_info.cc(608)] range at 0x6b72307000000000, size 0x82 fully unreadable
[0223/101659.900:ERROR:process_info.cc(608)] range at 0x0, size 0x82 fully unreadable
[0223/101735.772:ERROR:process_info.cc(608)] range at 0xf1d2305000000000, size 0xe2 fully unreadable
[0223/101735.773:ERROR:process_info.cc(608)] range at 0xf1d2307000000000, size 0xe2 fully unreadable
[0223/101735.773:ERROR:process_info.cc(608)] range at 0x0, size 0xe2 fully unreadable
[0223/101826.517:ERROR:process_info.cc(608)] range at 0x3bb4305200000000, size 0x5d fully unreadable
[0223/101826.517:ERROR:process_info.cc(608)] range at 0x3bb4307200000000, size 0x5d fully unreadable
[0223/101826.517:ERROR:process_info.cc(608)] range at 0x0, size 0x5d fully unreadable
[0223/101915.434:ERROR:process_info.cc(608)] range at 0x1511304e00000000, size 0xec fully unreadable
[0223/101915.434:ERROR:process_info.cc(608)] range at 0x1511306e00000000, size 0xec fully unreadable
[0223/101915.434:ERROR:process_info.cc(608)] range at 0x0, size 0xec fully unreadable
[0227/143557.525:ERROR:process_info.cc(608)] range at 0xe460304e00000000, size 0x46 fully unreadable
[0227/143557.526:ERROR:process_info.cc(608)] range at 0xe460306e00000000, size 0x46 fully unreadable
[0227/143557.526:ERROR:process_info.cc(608)] range at 0x0, size 0x46 fully unreadable
[0227/144426.123:ERROR:process_info.cc(608)] range at 0xfb4a305000000000, size 0x4d fully unreadable
[0227/144426.124:ERROR:process_info.cc(608)] range at 0xfb4a307000000000, size 0x4d fully unreadable
[0227/144426.124:ERROR:process_info.cc(608)] range at 0x0, size 0x4d fully unreadable
[0227/150740.217:ERROR:process_info.cc(608)] range at 0xc91f305200000000, size 0x41 fully unreadable
[0227/150740.217:ERROR:process_info.cc(608)] range at 0xc91f307200000000, size 0x41 fully unreadable
[0227/150740.217:ERROR:process_info.cc(608)] range at 0x0, size 0x41 fully unreadable
[0227/151957.741:ERROR:process_info.cc(608)] range at 0xa48e305600000000, size 0xd2 fully unreadable
[0227/151957.741:ERROR:process_info.cc(608)] range at 0xa48e307600000000, size 0xd2 fully unreadable
[0227/151957.741:ERROR:process_info.cc(608)] range at 0x0, size 0xd2 fully unreadable
[0227/152258.176:ERROR:process_info.cc(608)] range at 0x849d305000000000, size 0xd7 fully unreadable
[0227/152258.177:ERROR:process_info.cc(608)] range at 0x849d307000000000, size 0xd7 fully unreadable
[0227/152258.177:ERROR:process_info.cc(608)] range at 0x0, size 0xd7 fully unreadable
[0227/152458.631:ERROR:process_info.cc(608)] range at 0x784f305200000000, size 0x27 fully unreadable
[0227/152458.632:ERROR:process_info.cc(608)] range at 0x784f307200000000, size 0x27 fully unreadable
[0227/152458.632:ERROR:process_info.cc(608)] range at 0x0, size 0x27 fully unreadable
[0227/153745.509:ERROR:process_info.cc(608)] range at 0x2e30305000000000, size 0xb7 fully unreadable
[0227/153745.509:ERROR:process_info.cc(608)] range at 0x2e30307000000000, size 0xb7 fully unreadable
[0227/153745.509:ERROR:process_info.cc(608)] range at 0x0, size 0xb7 fully unreadable
[0227/155838.210:ERROR:process_info.cc(608)] range at 0xff88305200000000, size 0xf4 fully unreadable
[0227/155838.210:ERROR:process_info.cc(608)] range at 0xff88307200000000, size 0xf4 fully unreadable
[0227/155838.210:ERROR:process_info.cc(608)] range at 0x0, size 0xf4 fully unreadable
[0227/160118.772:ERROR:process_info.cc(608)] range at 0x2618305200000000, size 0x82 fully unreadable
[0227/160118.772:ERROR:process_info.cc(608)] range at 0x2618307200000000, size 0x82 fully unreadable
[0227/160118.772:ERROR:process_info.cc(608)] range at 0x0, size 0x82 fully unreadable
[0227/160239.047:ERROR:process_info.cc(608)] range at 0x4e64305000000000, size 0xbf fully unreadable
[0227/160239.048:ERROR:process_info.cc(608)] range at 0x4e64307000000000, size 0xbf fully unreadable
[0227/160239.048:ERROR:process_info.cc(608)] range at 0x0, size 0xbf fully unreadable
[0227/160324.141:ERROR:process_info.cc(608)] range at 0x3d21305400000000, size 0xdf fully unreadable
[0227/160324.141:ERROR:process_info.cc(608)] range at 0x3d21307400000000, size 0xdf fully unreadable
[0227/160324.141:ERROR:process_info.cc(608)] range at 0x0, size 0xdf fully unreadable
[0227/174712.670:ERROR:process_info.cc(608)] range at 0x71e7304e00000000, size 0x29 fully unreadable
[0227/174712.670:ERROR:process_info.cc(608)] range at 0x71e7306e00000000, size 0x29 fully unreadable
[0227/174712.670:ERROR:process_info.cc(608)] range at 0x0, size 0x29 fully unreadable
[0228/180423.024:ERROR:process_info.cc(608)] range at 0x2860305000000000, size 0xe9 fully unreadable
[0228/180423.024:ERROR:process_info.cc(608)] range at 0x2860307000000000, size 0xe9 fully unreadable
[0228/180423.024:ERROR:process_info.cc(608)] range at 0x0, size 0xe9 fully unreadable
[0228/181334.296:ERROR:process_info.cc(608)] range at 0x9381305200000000, size 0x57 fully unreadable
[0228/181334.296:ERROR:process_info.cc(608)] range at 0x9381307200000000, size 0x57 fully unreadable
[0228/181334.296:ERROR:process_info.cc(608)] range at 0x0, size 0x57 fully unreadable
[0228/181349.410:ERROR:process_info.cc(608)] range at 0xdecd305000000000, size 0xc8 fully unreadable
[0228/181349.410:ERROR:process_info.cc(608)] range at 0xdecd307000000000, size 0xc8 fully unreadable
[0228/181349.410:ERROR:process_info.cc(608)] range at 0x0, size 0xc8 fully unreadable
[0228/184607.780:ERROR:process_info.cc(608)] range at 0x83ab305200000000, size 0x32 fully unreadable
[0228/184607.781:ERROR:process_info.cc(608)] range at 0x83ab307200000000, size 0x32 fully unreadable
[0228/184607.781:ERROR:process_info.cc(608)] range at 0x0, size 0x32 fully unreadable
[0228/185008.588:ERROR:process_info.cc(608)] range at 0xa24d305400000000, size 0x1e fully unreadable
[0228/185008.589:ERROR:process_info.cc(608)] range at 0xa24d307400000000, size 0x1e fully unreadable
[0228/185008.589:ERROR:process_info.cc(608)] range at 0x0, size 0x1e fully unreadable
[0228/185058.892:ERROR:process_info.cc(608)] range at 0x6304305400000000, size 0xc2 fully unreadable
[0228/185058.893:ERROR:process_info.cc(608)] range at 0x6304307400000000, size 0xc2 fully unreadable
[0228/185058.893:ERROR:process_info.cc(608)] range at 0x0, size 0xc2 fully unreadable
[0228/191031.253:ERROR:process_info.cc(608)] range at 0xc42305600000000, size 0x1a fully unreadable
[0228/191031.254:ERROR:process_info.cc(608)] range at 0xc42307600000000, size 0x1a fully unreadable
[0228/191031.254:ERROR:process_info.cc(608)] range at 0x0, size 0x1a fully unreadable
[0228/191056.372:ERROR:process_info.cc(608)] range at 0x321f305200000000, size 0x72 fully unreadable
[0228/191056.372:ERROR:process_info.cc(608)] range at 0x321f307200000000, size 0x72 fully unreadable
[0228/191056.372:ERROR:process_info.cc(608)] range at 0x0, size 0x72 fully unreadable
[0301/095934.928:ERROR:process_reader_win.cc(114)] NtOpenThread: {Access Denied} A process has requested access to an object, but has not been granted those access rights.  (0xc0000022)
[0301/095934.943:ERROR:exception_snapshot_win.cc(87)] thread ID 8156 not found in process
[0301/095934.943:WARNING:crash_report_exception_handler.cc(60)] ProcessSnapshotWin::Initialize failed
[0301/100418.287:ERROR:process_info.cc(608)] range at 0x85d5305600000000, size 0x36 fully unreadable
[0301/100418.287:ERROR:process_info.cc(608)] range at 0x85d5307600000000, size 0x36 fully unreadable
[0301/100418.287:ERROR:process_info.cc(608)] range at 0x0, size 0x36 fully unreadable
[0330/110832.278:ERROR:process_info.cc(625)] range at 0x927830c200000000, size 0xd3 fully unreadable
[0330/110832.294:ERROR:process_info.cc(625)] range at 0x927830e200000000, size 0xd3 fully unreadable
[0330/110832.294:ERROR:process_info.cc(625)] range at 0x0, size 0xd3 fully unreadable
[0410/114827.947:ERROR:process_reader_win.cc(114)] NtOpenThread: {Access Denied} A process has requested access to an object, but has not been granted those access rights.  (0xc0000022)
[0410/114827.964:ERROR:exception_snapshot_win.cc(87)] thread ID 6116 not found in process
[0410/114827.965:WARNING:crash_report_exception_handler.cc(60)] ProcessSnapshotWin::Initialize failed
[0412/101833.647:ERROR:process_reader_win.cc(114)] NtOpenThread: {Access Denied} A process has requested access to an object, but has not been granted those access rights.  (0xc0000022)
[0412/101833.667:ERROR:exception_snapshot_win.cc(87)] thread ID 2332 not found in process
[0412/101833.667:WARNING:crash_report_exception_handler.cc(60)] ProcessSnapshotWin::Initialize failed
